Performing C SOURCE FILE Test CMAKE_HAVE_LIBC_PTHREAD failed with the following output:
Change Dir: //home/ren/Study/GAMES101/Hw8/G101T8/build/CMakeFiles/CMakeTmp

Run Build Command(s):/usr/bin/ninja cmTC_e5a5a && [1/2] Building C object CMakeFiles/cmTC_e5a5a.dir/src.c.o
[2/2] Linking C executable cmTC_e5a5a
FAILED: cmTC_e5a5a 
: && /usr/bin/gcc -DCMAKE_HAVE_LIBC_PTHREAD  -rdynamic CMakeFiles/cmTC_e5a5a.dir/src.c.o  -o cmTC_e5a5a   && :
/usr/bin/ld: CMakeFiles/cmTC_e5a5a.dir/src.c.o: in function `main':
src.c:(.text+0x3e): undefined reference to `pthread_create'
/usr/bin/ld: src.c:(.text+0x4a): undefined reference to `pthread_detach'
/usr/bin/ld: src.c:(.text+0x5b): undefined reference to `pthread_join'
collect2: error: ld returned 1 exit status
ninja: build stopped: subcommand failed.


Source file was:
#include <pthread.h>

void* test_func(void* data)
{
  return data;
}

int main(void)
{
  pthread_t thread;
  pthread_create(&thread, NULL, test_func, NULL);
  pthread_detach(thread);
  pthread_join(thread, NULL);
  pthread_atfork(NULL, NULL, NULL);
  pthread_exit(NULL);

  return 0;
}

Determining if the function pthread_create exists in the pthreads failed with the following output:
Change Dir: //home/ren/Study/GAMES101/Hw8/G101T8/build/CMakeFiles/CMakeTmp

Run Build Command(s):/usr/bin/ninja cmTC_e04ab && [1/2] Building C object CMakeFiles/cmTC_e04ab.dir/CheckFunctionExists.c.o
[2/2] Linking C executable cmTC_e04ab
FAILED: cmTC_e04ab 
: && /usr/bin/gcc -DCHECK_FUNCTION_EXISTS=pthread_create  -rdynamic CMakeFiles/cmTC_e04ab.dir/CheckFunctionExists.c.o  -o cmTC_e04ab  -lpthreads && :
/usr/bin/ld: 找不到 -lpthreads
collect2: error: ld returned 1 exit status
ninja: build stopped: subcommand failed.



Determining if the function glXGetProcAddressEXT exists failed with the following output:
Change Dir: //home/ren/Study/GAMES101/Hw8/G101T8/build/CMakeFiles/CMakeTmp

Run Build Command(s):/usr/bin/ninja cmTC_e2709 && [1/2] Building C object CMakeFiles/cmTC_e2709.dir/CheckFunctionExists.c.o
[2/2] Linking C executable cmTC_e2709
FAILED: cmTC_e2709 
: && /usr/bin/gcc -DCHECK_FUNCTION_EXISTS=glXGetProcAddressEXT  -rdynamic CMakeFiles/cmTC_e2709.dir/CheckFunctionExists.c.o  -o cmTC_e2709  /usr/lib/x86_64-linux-gnu/libGL.so && :
/usr/bin/ld: CMakeFiles/cmTC_e2709.dir/CheckFunctionExists.c.o: in function `main':
CheckFunctionExists.c:(.text+0x10): undefined reference to `glXGetProcAddressEXT'
collect2: error: ld returned 1 exit status
ninja: build stopped: subcommand failed.



